#
# There is insufficient memory for the Java Runtime Environment to continue.
# Native memory allocation (mmap) failed to map 123731968 bytes for G1 virtual space
# Possible reasons:
#   The system is out of physical RAM or swap space
#   The process is running with CompressedOops enabled, and the Java Heap may be blocking the growth of the native heap
# Possible solutions:
#   Reduce memory load on the system
#   Increase physical memory or swap space
#   Check if swap backing store is full
#   Decrease Java heap size (-Xmx/-Xms)
#   Decrease number of Java threads
#   Decrease Java thread stack sizes (-Xss)
#   Set larger code cache with -XX:ReservedCodeCacheSize=
#   JVM is running with Unscaled Compressed Oops mode in which the Java heap is
#     placed in the first 4GB address space. The Java Heap base address is the
#     maximum limit for the native heap growth. Please use -XX:HeapBaseMinAddress
#     to set the Java Heap base and to place the Java Heap above 4GB virtual address.
# This output file may be truncated or incomplete.
#
#  Out of Memory Error (os_windows.cpp:3753), pid=17180, tid=25188
#
# JRE version:  (17.0.4+7) (build )
# Java VM: OpenJDK 64-Bit Server VM (17.0.4+7-b469.53, mixed mode, sharing, tiered, compressed oops, compressed class ptrs, g1 gc, windows-amd64)
# No core dump will be written. Minidumps are not enabled by default on client versions of Windows
#

---------------  S U M M A R Y ------------

Command Line: git4idea.http.GitAskPassApp Username for 'https://github.com': 

Host: AMD Ryzen 5 4500U with Radeon Graphics         , 6 cores, 7G,  Windows 11 , 64 bit Build 22621 (10.0.22621.1194)
Time: Mon Mar 13 16:32:23 2023 GMT Standard Time elapsed time: 0.018091 seconds (0d 0h 0m 0s)

---------------  T H R E A D  ---------------

Current thread (0x0000023634e68d10):  JavaThread "Unknown thread" [_thread_in_vm, id=25188, stack(0x0000005b0e200000,0x0000005b0e300000)]

Stack: [0x0000005b0e200000,0x0000005b0e300000]
Native frames: (J=compiled Java code, j=interpreted, Vv=VM code, C=native code)
V  [jvm.dll+0x68348a]
V  [jvm.dll+0x83faf4]
V  [jvm.dll+0x84129e]
V  [jvm.dll+0x841903]
V  [jvm.dll+0x2494a5]
V  [jvm.dll+0x680359]
V  [jvm.dll+0x67499a]
V  [jvm.dll+0x3092db]
V  [jvm.dll+0x310796]
V  [jvm.dll+0x36077e]
V  [jvm.dll+0x3609af]
V  [jvm.dll+0x2df3c8]
V  [jvm.dll+0x2e0334]
V  [jvm.dll+0x8112e1]
V  [jvm.dll+0x36e5d1]
V  [jvm.dll+0x7f06bc]
V  [jvm.dll+0x3f16ef]
V  [jvm.dll+0x3f3231]
C  [jli.dll+0x526b]
C  [ucrtbase.dll+0x29363]
C  [KERNEL32.DLL+0x126bd]
C  [ntdll.dll+0x5dfb8]


---------------  P R O C E S S  ---------------

Threads class SMR info:
_java_thread_list=0x00007ff9b62a7f18, length=0, elements={
}

Java Threads: ( => current thread )

Other Threads:
  0x0000023634ec2270 GCTaskThread "GC Thread#0" [stack: 0x0000005b0e300000,0x0000005b0e400000] [id=15600]
  0x0000023634ed1ea0 ConcurrentGCThread "G1 Main Marker" [stack: 0x0000005b0e400000,0x0000005b0e500000] [id=24132]
  0x0000023634ed2f50 ConcurrentGCThread "G1 Conc#0" [stack: 0x0000005b0e500000,0x0000005b0e600000] [id=14780]

[error occurred during error reporting (printing all threads), id 0xc0000005, EXCEPTION_ACCESS_VIOLATION (0xc0000005) at pc=0x00007ff9b5a5ff87]

VM state: not at safepoint (not fully initialized)

VM Mutex/Monitor currently owned by a thread:  ([mutex/lock_event])
[0x0000023634e640f0] Heap_lock - owner thread: 0x0000023634e68d10

Heap address: 0x000000008a200000, size: 1886 MB, Compressed Oops mode: 32-bit

CDS archive(s) mapped at: [0x0000000000000000-0x0000000000000000-0x0000000000000000), size 0, SharedBaseAddress: 0x0000000800000000, ArchiveRelocationMode: 0.
Narrow klass base: 0x0000000000000000, Narrow klass shift: 0, Narrow klass range: 0x0

GC Precious Log:
<Empty>

Heap:
 garbage-first heap   total 0K, used 0K [0x000000008a200000, 0x0000000100000000)
  region size 1024K, 0 young (0K), 0 survivors (0K)

[error occurred during error reporting (printing heap information), id 0xc0000005, EXCEPTION_ACCESS_VIOLATION (0xc0000005) at pc=0x00007ff9b5e4d119]

GC Heap History (0 events):
No events

Deoptimization events (0 events):
No events

Classes unloaded (0 events):
No events

Classes redefined (0 events):
No events

Internal exceptions (0 events):
No events

VM Operations (0 events):
No events

Events (1 events):
Event: 0.009 Loaded shared library C:\Program Files\JetBrains\PyCharm 2022.2.2\jbr\bin\java.dll


Dynamic libraries:
0x00007ff643400000 - 0x00007ff64340a000 	C:\Program Files\JetBrains\PyCharm 2022.2.2\jbr\bin\java.exe
0x00007ffa0b530000 - 0x00007ffa0b744000 	C:\WINDOWS\SYSTEM32\ntdll.dll
0x00007ff9d11a0000 - 0x00007ff9d11b7000 	C:\Program Files\Avast Software\Avast\aswhook.dll
0x00007ffa09da0000 - 0x00007ffa09e63000 	C:\WINDOWS\System32\KERNEL32.DLL
0x00007ffa08c50000 - 0x00007ffa08fec000 	C:\WINDOWS\System32\KERNELBASE.dll
0x00007ffa08970000 - 0x00007ffa08a81000 	C:\WINDOWS\System32\ucrtbase.dll
0x00007ff9fe610000 - 0x00007ff9fe62b000 	C:\Program Files\JetBrains\PyCharm 2022.2.2\jbr\bin\VCRUNTIME140.dll
0x00007ff9fe9a0000 - 0x00007ff9fe9b7000 	C:\Program Files\JetBrains\PyCharm 2022.2.2\jbr\bin\jli.dll
0x00007ffa0afd0000 - 0x00007ffa0b17d000 	C:\WINDOWS\System32\USER32.dll
0x00007ffa08ff0000 - 0x00007ffa09016000 	C:\WINDOWS\System32\win32u.dll
0x00007ffa0a1e0000 - 0x00007ffa0a209000 	C:\WINDOWS\System32\GDI32.dll
0x00007ffa08a90000 - 0x00007ffa08ba2000 	C:\WINDOWS\System32\gdi32full.dll
0x00007ff9e4a40000 - 0x00007ff9e4cce000 	C:\WINDOWS\WinSxS\amd64_microsoft.windows.common-controls_6595b64144ccf1df_6.0.22621.608_none_a9444ca7c10bb01d\COMCTL32.dll
0x00007ffa08bb0000 - 0x00007ffa08c4a000 	C:\WINDOWS\System32\msvcp_win.dll
0x00007ffa093c0000 - 0x00007ffa09467000 	C:\WINDOWS\System32\msvcrt.dll
0x00007ffa09470000 - 0x00007ffa094a2000 	C:\WINDOWS\System32\IMM32.DLL
0x00007ffa053d0000 - 0x00007ffa053dc000 	C:\Program Files\JetBrains\PyCharm 2022.2.2\jbr\bin\vcruntime140_1.dll
0x00007ff9d9a70000 - 0x00007ff9d9afd000 	C:\Program Files\JetBrains\PyCharm 2022.2.2\jbr\bin\msvcp140.dll
0x00007ff9b5770000 - 0x00007ff9b63d9000 	C:\Program Files\JetBrains\PyCharm 2022.2.2\jbr\bin\server\jvm.dll
0x00007ffa09b80000 - 0x00007ffa09c2e000 	C:\WINDOWS\System32\ADVAPI32.dll
0x00007ffa0b340000 - 0x00007ffa0b3e4000 	C:\WINDOWS\System32\sechost.dll
0x00007ffa09a60000 - 0x00007ffa09b75000 	C:\WINDOWS\System32\RPCRT4.dll
0x00007ffa0a130000 - 0x00007ffa0a138000 	C:\WINDOWS\System32\PSAPI.DLL
0x00007ff9ff8d0000 - 0x00007ff9ff904000 	C:\WINDOWS\SYSTEM32\WINMM.dll
0x00007ff9f16c0000 - 0x00007ff9f16c9000 	C:\WINDOWS\SYSTEM32\WSOCK32.dll
0x00007ff9ff910000 - 0x00007ff9ff91a000 	C:\WINDOWS\SYSTEM32\VERSION.dll
0x00007ffa09340000 - 0x00007ffa093b1000 	C:\WINDOWS\System32\WS2_32.dll
0x00007ffa079c0000 - 0x00007ffa079d8000 	C:\WINDOWS\SYSTEM32\kernel.appcore.dll
0x00007ffa053c0000 - 0x00007ffa053ca000 	C:\Program Files\JetBrains\PyCharm 2022.2.2\jbr\bin\jimage.dll
0x00007ffa063f0000 - 0x00007ffa0661e000 	C:\WINDOWS\SYSTEM32\DBGHELP.DLL
0x00007ffa09670000 - 0x00007ffa099fa000 	C:\WINDOWS\System32\combase.dll
0x00007ffa0a230000 - 0x00007ffa0a307000 	C:\WINDOWS\System32\OLEAUT32.dll
0x00007ff9f4130000 - 0x00007ff9f4162000 	C:\WINDOWS\SYSTEM32\dbgcore.DLL
0x00007ffa09200000 - 0x00007ffa0927b000 	C:\WINDOWS\System32\bcryptPrimitives.dll
0x00007ffa00140000 - 0x00007ffa00165000 	C:\Program Files\JetBrains\PyCharm 2022.2.2\jbr\bin\java.dll

dbghelp: loaded successfully - version: 4.0.5 - missing functions: none
symbol engine: initialized successfully - sym options: 0x614 - pdb path: .;C:\Program Files\JetBrains\PyCharm 2022.2.2\jbr\bin;C:\WINDOWS\SYSTEM32;C:\Program Files\Avast Software\Avast;C:\WINDOWS\WinSxS\amd64_microsoft.windows.common-controls_6595b64144ccf1df_6.0.22621.608_none_a9444ca7c10bb01d;C:\Program Files\JetBrains\PyCharm 2022.2.2\jbr\bin\server

VM Arguments:
java_command: git4idea.http.GitAskPassApp Username for 'https://github.com': 
java_class_path (initial): C:/Program Files/JetBrains/PyCharm 2022.2.2/plugins/git4idea/lib/git4idea-rt.jar;C:/Program Files/JetBrains/PyCharm 2022.2.2/lib/externalProcess-rt.jar;C:/Program Files/JetBrains/PyCharm 2022.2.2/lib/app.jar;C:/Program Files/JetBrains/PyCharm 2022.2.2/lib/3rd-party-rt.jar
Launcher Type: SUN_STANDARD

[Global flags]
     intx CICompilerCount                          = 3                                         {product} {ergonomic}
     uint ConcGCThreads                            = 2                                         {product} {ergonomic}
     uint G1ConcRefinementThreads                  = 6                                         {product} {ergonomic}
   size_t G1HeapRegionSize                         = 1048576                                   {product} {ergonomic}
    uintx GCDrainStackTargetSize                   = 64                                        {product} {ergonomic}
   size_t InitialHeapSize                          = 123731968                                 {product} {ergonomic}
   size_t MarkStackSize                            = 4194304                                   {product} {ergonomic}
   size_t MaxHeapSize                              = 1977614336                                {product} {ergonomic}
   size_t MinHeapDeltaBytes                        = 1048576                                   {product} {ergonomic}
   size_t MinHeapSize                              = 8388608                                   {product} {ergonomic}
    uintx NonNMethodCodeHeapSize                   = 5832780                                {pd product} {ergonomic}
    uintx NonProfiledCodeHeapSize                  = 122912730                              {pd product} {ergonomic}
    uintx ProfiledCodeHeapSize                     = 122912730                              {pd product} {ergonomic}
    uintx ReservedCodeCacheSize                    = 251658240                              {pd product} {ergonomic}
     bool SegmentedCodeCache                       = true                                      {product} {ergonomic}
   size_t SoftMaxHeapSize                          = 1977614336                             {manageable} {ergonomic}
     bool UseCompressedClassPointers               = true                           {product lp64_product} {ergonomic}
     bool UseCompressedOops                        = true                           {product lp64_product} {ergonomic}
     bool UseG1GC                                  = true                                      {product} {ergonomic}
     bool UseLargePagesIndividualAllocation        = false                                  {pd product} {ergonomic}

Logging:
Log output configuration:
 #0: stdout all=warning uptime,level,tags
 #1: stderr all=off uptime,level,tags

Environment Variables:
JAVA_HOME=C:\Users\dagbo\Downloads\java-11-openjdk-11.0.12.7-1.windows.redhat.x86_64\java-11-openjdk-11.0.12.7-1.windows.redhat.x86_64\
PATH=C:/Program Files/Git/mingw64/libexec/git-core;C:/Program Files/Git/mingw64/libexec/git-core;C:/Program Files/Git/mingw64/libexec/git-core;C:\Program Files\Git\mingw64\libexec\git-core;C:\Program Files\Git\mingw64\bin;C:\Program Files\Git\usr\bin;C:\Users\dagbo\bin;C:\Program Files\Common Files\Oracle\Java\javapath;C:\WINDOWS\system32;C:\WINDOWS;C:\WINDOWS\System32\Wbem;C:\WINDOWS\System32\WindowsPowerShell\v1.0;C:\WINDOWS\System32\OpenSSH;C:\Users\dagbo\Downloads\apache-maven-3.8.2-bin\apache-maven-3.8.2\bin;C:\Users\dagbo\Downloads\java-11-openjdk-11.0.12.7-1.windows.redhat.x86_64\java-11-openjdk-11.0.12.7-1.windows.redhat.x86_64\bin;C:\Program Files\nodejs;C:\Program Files\Git\cmd;C:\Users\dagbo\AppData\Roaming\Python\Python310\Scripts;C:\Program Files\Git LFS;C:\Users\dagbo\Downloads\openssl-1.0.2q-i386-win32;C:\Users\dagbo\AppData\Roaming\Python\Python310\Scripts;C:\Users\dagbo\AppData\Local\Programs\Python\Python310\Scripts;C:\Users\dagbo\AppData\Local\Programs\Python\Python310;C:\Program Files\MySQL\MySQL Shell 8.0\bin;C:\Users\dagbo\AppData\Local\Programs\Python\Python39\Scripts;C:\Users\dagbo\AppData\Local\Programs\Python\Python39;C:\Users\dagbo\AppData\Local\Microsoft\WindowsApps;C:\Program Files\JetBrains\PyCharm 2021.2.1\bin;C:\Program Files\JetBrains\PyCharm Community Edition 2021.2.1\bin;C:\Users\dagbo\AppData\Roaming\npm;C:\Users\dagbo\AppData\Local\Programs\Microsoft VS Code\bin;C:\Program Files\heroku\bin;C:\Program Files\JetBrains\IntelliJ IDEA Community Edition 2021.3.1\bin;C:\Users\dagbo\AppData\Local\Markdown Monster;C:\Program Files\JetBrains\PyCharm 2022.2.2\bin;C:\Users\dagbo\AppData\Local\Microsoft\WindowsApps;C:\Users\dagbo\AppData\Local\GitHubDesktop\bin
USERNAME=dagbo
DISPLAY=:0.0
LC_ALL=en_US.UTF-8
TERM=xterm-256color
TMPDIR=C:\Users\dagbo\AppData\Local\Temp
OS=Windows_NT
PROCESSOR_IDENTIFIER=AMD64 Family 23 Model 96 Stepping 1, AuthenticAMD
TMP=C:\Users\dagbo\AppData\Local\Temp
TEMP=C:\Users\dagbo\AppData\Local\Temp



---------------  S Y S T E M  ---------------

OS:
 Windows 11 , 64 bit Build 22621 (10.0.22621.1194)
OS uptime: 3 days 18:40 hours

CPU: total 6 (initial active 6) (6 cores per cpu, 1 threads per core) family 23 model 96 stepping 1 microcode 0x0, cx8, cmov, fxsr, mmx, 3dnowpref, sse, sse2, sse3, ssse3, sse4a, sse4.1, sse4.2, popcnt, lzcnt, tsc, tscinvbit, avx, avx2, aes, clmul, bmi1, bmi2, adx, sha, fma, vzeroupper, clflush, clflushopt

Memory: 4k page, system-wide physical 7541M (468M free)
TotalPageFile size 31093M (AvailPageFile size 51M)
current process WorkingSet (physical memory assigned to process): 11M, peak: 11M
current process commit charge ("private bytes"): 56M, peak: 174M

vm_info: OpenJDK 64-Bit Server VM (17.0.4+7-b469.53) for windows-amd64 JRE (17.0.4+7-b469.53), built on 2022-08-29 by "builduser" with MS VC++ 16.10 / 16.11 (VS2019)

END.
